<?xml version="1.0" encoding="UTF-8"?>
<!-- Generated by org.testng.reporters.JUnitReportReporter -->
<testsuite skipped="0" hostname="LAPTOP-S0T7N613" name="com.actitime.tests.UpdatingUserTest" tests="2" failures="0" timestamp="19 Oct 2017 09:49:23 GMT" time="169.236" errors="0">
  <testcase name="testUpdateUserDetails" time="110.954" classname="com.actitime.tests.UpdatingUserTest"/>
  <testcase name="testUserCreation" time="58.282" classname="com.actitime.tests.UpdatingUserTest"/>
</testsuite> <!-- com.actitime.tests.UpdatingUserTest -->
