<?xml version="1.0" encoding="UTF-8"?>
<!-- Generated by org.testng.reporters.JUnitReportReporter -->
<testsuite skipped="0" hostname="LAPTOP-S0T7N613" name="com.actitime.tests.LoginUserTest" tests="1" failures="0" timestamp="19 Oct 2017 09:49:23 GMT" time="74.565" errors="0">
  <testcase name="testLoginUserUpdate" time="74.565" classname="com.actitime.tests.LoginUserTest"/>
</testsuite> <!-- com.actitime.tests.LoginUserTest -->
