<?xml version="1.0" encoding="UTF-8"?>
<!-- Generated by org.testng.reporters.JUnitReportReporter -->
<testsuite skipped="0" hostname="LAPTOP-S0T7N613" name="com.actitime.tests.LoginUserTest" tests="1" failures="0" timestamp="13 Oct 2017 12:47:16 GMT" time="72.713" errors="0">
  <testcase name="testLoginUserUpdate" time="72.713" classname="com.actitime.tests.LoginUserTest"/>
</testsuite> <!-- com.actitime.tests.LoginUserTest -->
