<?xml version="1.0" encoding="UTF-8"?>
<!-- Generated by org.testng.reporters.JUnitReportReporter -->
<testsuite skipped="0" hostname="LAPTOP-S0T7N613" name="com.actitime.tests.DeleteUserTest" tests="2" failures="0" timestamp="19 Oct 2017 09:49:23 GMT" time="125.562" errors="0">
  <testcase name="testDeletingTheExistingUser" time="60.107" classname="com.actitime.tests.DeleteUserTest"/>
  <testcase name="testValidLogin" time="65.455" classname="com.actitime.tests.DeleteUserTest"/>
</testsuite> <!-- com.actitime.tests.DeleteUserTest -->
