<?xml version="1.0" encoding="UTF-8"?>
<!-- Generated by org.testng.reporters.JUnitReportReporter -->
<testsuite skipped="0" hostname="LAPTOP-S0T7N613" name="com.actitime.tests.CreateUserTest" tests="1" failures="0" timestamp="19 Oct 2017 09:49:23 GMT" time="86.304" errors="0">
  <testcase name="testValidLogin" time="86.304" classname="com.actitime.tests.CreateUserTest"/>
</testsuite> <!-- com.actitime.tests.CreateUserTest -->
