<?xml version="1.0" encoding="UTF-8"?>
<!-- Generated by org.testng.reporters.JUnitReportReporter -->
<testsuite skipped="0" hostname="LAPTOP-S0T7N613" name="com.actitime.tests.InvalidUserLoginTest" tests="2" failures="0" timestamp="19 Oct 2017 09:49:23 GMT" time="128.339" errors="0">
  <testcase name="testValidLogin" time="65.244" classname="com.actitime.tests.InvalidUserLoginTest"/>
  <testcase name="testwithInvalidUserPassword" time="63.095" classname="com.actitime.tests.InvalidUserLoginTest"/>
</testsuite> <!-- com.actitime.tests.InvalidUserLoginTest -->
