<?xml version="1.0" encoding="UTF-8"?>
<!-- Generated by org.testng.reporters.JUnitReportReporter -->
<testsuite skipped="1" hostname="LAPTOP-S0T7N613" name="com.actitime.tests.RegisteredUserTest" tests="2" failures="0" timestamp="19 Oct 2017 09:49:23 GMT" time="69.478" errors="0">
  <testcase name="testValidLogin" time="69.478" classname="com.actitime.tests.RegisteredUserTest"/>
  <testcase name="testRegisteredUser" classname="com.actitime.tests.RegisteredUserTest">
    <skipped/>
  </testcase> <!-- testRegisteredUser -->
</testsuite> <!-- com.actitime.tests.RegisteredUserTest -->
